Build started 11/9/2015 2:39:31 PM.
     1>Project "C:\Users\Aziz\Desktop\SFWExampleProject\Test.vcxproj" on node 2 (Build target(s)).
     1>ClCompile:
         C:\Program Files (x86)\Microsoft Visual Studio 14.0\VC\bin\x86_amd64\CL.exe /c /ZI /nologo /W3 /WX- /sdl /Od /D _MBCS /Gm /EHsc /RTC1 /MDd /GS /fp:precise /Zc:wchar_t /Zc:forScope /Zc:inline /Fo"x64\Debug\\" /Fd"x64\Debug\vc140.pdb" /Gd /TP /errorReport:prompt main.cpp
         main.cpp
     1>c:\users\aziz\desktop\sfwexampleproject\main.cpp(53): warning C4101: 'animArray': unreferenced local variable
       Link:
         C:\Program Files (x86)\Microsoft Visual Studio 14.0\VC\bin\x86_amd64\link.exe /ERRORREPORT:PROMPT /OUT:"C:\Users\Aziz\Desktop\SFWExampleProject\x64\Debug\Test.exe" /INCREMENTAL /NOLOGO kernel32.lib user32.lib gdi32.lib winspool.lib comdlg32.lib advapi32.lib shell32.lib ole32.lib oleaut32.lib uuid.lib odbc32.lib odbccp32.lib /MANIFEST /MANIFESTUAC:"level='asInvoker' uiAccess='false'" /manifest:embed /Debug /PDB:"C:\Users\Aziz\Desktop\SFWExampleProject\x64\Debug\Test.pdb" /TLBID:1 /DYNAMICBASE /NXCOMPAT /IMPLIB:"C:\Users\Aziz\Desktop\SFWExampleProject\x64\Debug\Test.lib" /MACHINE:X64 x64\Debug\main.obj
     1>main.obj : error LNK2019: unresolved external symbol "unsigned int __cdecl sfw::loadTextureMap(char const *,unsigned int,unsigned int)" (?loadTextureMap@sfw@@YAIPEBDII@Z) referenced in function main
     1>main.obj : error LNK2019: unresolved external symbol "void __cdecl sfw::drawTexture(unsigned int,float,float,float,float,float,bool,unsigned int,unsigned int,float const * const)" (?drawTexture@sfw@@YAXIMMMMM_NIIQEBM@Z) referenced in function main
     1>main.obj : error LNK2019: unresolved external symbol "bool __cdecl sfw::initContext(unsigned int,unsigned int,char const *)" (?initContext@sfw@@YA_NIIPEBD@Z) referenced in function main
     1>main.obj : error LNK2019: unresolved external symbol "void __cdecl sfw::termContext(void)" (?termContext@sfw@@YAXXZ) referenced in function main
     1>main.obj : error LNK2019: unresolved external symbol "bool __cdecl sfw::stepContext(void)" (?stepContext@sfw@@YA_NXZ) referenced in function main
     1>main.obj : error LNK2019: unresolved external symbol "void __cdecl sfw::setBackgroundColor(unsigned int)" (?setBackgroundColor@sfw@@YAXI@Z) referenced in function main
     1>main.obj : error LNK2019: unresolved external symbol "bool __cdecl sfw::getKey(unsigned int)" (?getKey@sfw@@YA_NI@Z) referenced in function main
     1>main.obj : error LNK2019: unresolved external symbol "float __cdecl sfw::getDeltaTime(void)" (?getDeltaTime@sfw@@YAMXZ) referenced in function main
     1>C:\Users\Aziz\Desktop\SFWExampleProject\x64\Debug\Test.exe : fatal error LNK1120: 8 unresolved externals
     1>Done Building Project "C:\Users\Aziz\Desktop\SFWExampleProject\Test.vcxproj" (Build target(s)) -- FAILED.

Build FAILED.

Time Elapsed 00:00:00.55
